<?xml version="1.0" encoding="UTF-8"?>
<!-- Generated by org.testng.reporters.JUnitReportReporter -->
<testsuite hostname="DESKTOP-OMOC5AD" failures="0" tests="3" name="com.bookerapi.mockfile.BookingMgmentStub" time="1.029" errors="0" timestamp="2024-01-26T19:30:43 JST" skipped="0">
  <testcase classname="com.bookerapi.mockfile.BookingMgmentStub" name="createBooking" time="0.964"/>
  <system-out/>
  <testcase classname="com.bookerapi.mockfile.BookingMgmentStub" name="getBookingById" time="0.014"/>
  <system-out/>
  <testcase classname="com.bookerapi.mockfile.BookingMgmentStub" name="getBookingIDs" time="0.051"/>
  <system-out/>
</testsuite> <!-- com.bookerapi.mockfile.BookingMgmentStub -->
