<?xml version="1.0" encoding="UTF-8"?>
<!-- Generated by org.testng.reporters.JUnitReportReporter -->
<testsuite hostname="DESKTOP-OMOC5AD" failures="0" tests="1" name="com.bookerapi.steps.GetAllBookingIds" time="2.388" errors="0" timestamp="2023-12-25T22:26:45 JST" skipped="0">
  <testcase classname="com.bookerapi.steps.GetAllBookingIds" name="getAllBookingIds" time="2.388"/>
  <system-out/>
</testsuite> <!-- com.bookerapi.steps.GetAllBookingIds -->
