<?xml version="1.0" encoding="UTF-8"?>
<!-- Generated by org.testng.reporters.JUnitReportReporter -->
<testsuite hostname="DESKTOP-OMOC5AD" failures="0" tests="1" name="com.bookerapi.steps.GetByBookingId" time="2.490" errors="0" timestamp="2023-12-25T22:36:33 JST" skipped="0">
  <testcase classname="com.bookerapi.steps.GetByBookingId" name="getByBookingIds" time="2.490"/>
  <system-out/>
</testsuite> <!-- com.bookerapi.steps.GetByBookingId -->
