<?xml version="1.0" encoding="UTF-8"?>
<!-- Generated by org.testng.reporters.JUnitReportReporter -->
<testsuite hostname="DESKTOP-OMOC5AD" failures="0" tests="3" name="com.bookerapi.mock.testcases.BookingManagement" time="1.180" errors="0" timestamp="2024-01-26T19:30:43 JST" skipped="0">
  <testcase classname="com.bookerapi.mock.testcases.BookingManagement" name="getBookingByID" time="0.033"/>
  <system-out/>
  <testcase classname="com.bookerapi.mock.testcases.BookingManagement" name="createBooking" time="1.115"/>
  <system-out/>
  <testcase classname="com.bookerapi.mock.testcases.BookingManagement" name="getBookingIDs" time="0.032"/>
  <system-out/>
</testsuite> <!-- com.bookerapi.mock.testcases.BookingManagement -->
