<?xml version="1.0" encoding="UTF-8"?>
<!-- Generated by org.testng.reporters.JUnitReportReporter -->
<testsuite hostname="DESKTOP-OMOC5AD" failures="0" tests="1" name="com.bookerapi.steps.CreateBooking" time="2.726" errors="0" timestamp="2023-12-26T11:30:16 JST" skipped="0">
  <testcase classname="com.bookerapi.steps.CreateBooking" name="createBooking" time="2.726"/>
  <system-out/>
</testsuite> <!-- com.bookerapi.steps.CreateBooking -->
