<?xml version="1.0" encoding="UTF-8"?>
<!-- Generated by org.testng.reporters.JUnitReportReporter -->
<testsuite hostname="DESKTOP-OMOC5AD" failures="0" tests="1" name="com.bookerapi.steps.HealthCheck" time="2.426" errors="0" timestamp="2023-12-25T21:59:39 JST" skipped="0">
  <testcase classname="com.bookerapi.steps.HealthCheck" name="healthCheck" time="2.426"/>
  <system-out/>
</testsuite> <!-- com.bookerapi.steps.HealthCheck -->
