<?xml version="1.0" encoding="UTF-8"?>
<!-- Generated by org.testng.reporters.JUnitReportReporter -->
<testsuite hostname="DESKTOP-OMOC5AD" failures="0" tests="3" name="com.bookerapi.services.BookingNegativeTest" time="3.235" errors="0" timestamp="2024-01-26T19:30:43 JST" skipped="0">
  <testcase classname="com.bookerapi.services.BookingNegativeTest" name="updateBookingWithInvalidID" time="1.100"/>
  <system-out/>
  <testcase classname="com.bookerapi.services.BookingNegativeTest" name="updateBookingWithIncorrectBody" time="1.126"/>
  <system-out/>
  <testcase classname="com.bookerapi.services.BookingNegativeTest" name="getBookingWithInvalidID" time="1.009"/>
  <system-out/>
</testsuite> <!-- com.bookerapi.services.BookingNegativeTest -->
