<?xml version="1.0" encoding="UTF-8"?>
<!-- Generated by org.testng.reporters.JUnitReportReporter -->
<testsuite hostname="DESKTOP-OMOC5AD" failures="0" tests="7" name="com.bookerapi.runner.RunTest" time="8.958" errors="0" timestamp="2024-01-26T19:30:43 JST" skipped="0">
  <testcase classname="com.bookerapi.runner.RunTest" name="runScenario" time="1.130"/>
  <system-out/>
  <testcase classname="com.bookerapi.runner.RunTest" name="runScenario" time="1.227"/>
  <system-out/>
  <testcase classname="com.bookerapi.runner.RunTest" name="runScenario" time="1.116"/>
  <system-out/>
  <testcase classname="com.bookerapi.runner.RunTest" name="runScenario" time="1.106"/>
  <system-out/>
  <testcase classname="com.bookerapi.runner.RunTest" name="runScenario" time="1.129"/>
  <system-out/>
  <testcase classname="com.bookerapi.runner.RunTest" name="runScenario" time="1.417"/>
  <system-out/>
  <testcase classname="com.bookerapi.runner.RunTest" name="runScenario" time="1.833"/>
  <system-out/>
</testsuite> <!-- com.bookerapi.runner.RunTest -->
