<?xml version="1.0" encoding="UTF-8"?>
<!-- Generated by org.testng.reporters.JUnitReportReporter -->
<testsuite hostname="DESKTOP-OMOC5AD" failures="0" tests="7" name="com.bookerapi.runner.RunTest" time="10.207" errors="0" timestamp="2024-01-26T19:57:06 JST" skipped="0">
  <testcase classname="com.bookerapi.runner.RunTest" name="runScenario" time="1.933"/>
  <system-out/>
  <testcase classname="com.bookerapi.runner.RunTest" name="runScenario" time="1.325"/>
  <system-out/>
  <testcase classname="com.bookerapi.runner.RunTest" name="runScenario" time="1.125"/>
  <system-out/>
  <testcase classname="com.bookerapi.runner.RunTest" name="runScenario" time="2.620"/>
  <system-out/>
  <testcase classname="com.bookerapi.runner.RunTest" name="runScenario" time="1.015"/>
  <system-out/>
  <testcase classname="com.bookerapi.runner.RunTest" name="runScenario" time="1.111"/>
  <system-out/>
  <testcase classname="com.bookerapi.runner.RunTest" name="runScenario" time="1.078"/>
  <system-out/>
</testsuite> <!-- com.bookerapi.runner.RunTest -->
