<?xml version="1.0" encoding="UTF-8"?>
<!-- Generated by org.testng.reporters.JUnitReportReporter -->
<testsuite hostname="DESKTOP-OMOC5AD" failures="0" tests="3" name="com.bookerapi.mock.testcases.BookingManagement" time="1.140" errors="0" timestamp="2024-01-28T22:56:07 JST" skipped="0">
  <testcase classname="com.bookerapi.mock.testcases.BookingManagement" name="createBooking" time="1.095"/>
  <system-out/>
  <testcase classname="com.bookerapi.mock.testcases.BookingManagement" name="getBookingByID" time="0.024"/>
  <system-out/>
  <testcase classname="com.bookerapi.mock.testcases.BookingManagement" name="getBookingIDs" time="0.021"/>
  <system-out/>
</testsuite> <!-- com.bookerapi.mock.testcases.BookingManagement -->
