<?xml version="1.0" encoding="UTF-8"?>
<!-- Generated by org.testng.reporters.JUnitReportReporter -->
<testsuite hostname="DESKTOP-OMOC5AD" failures="0" tests="7" name="com.bookerapi.runner.RunTest" time="8.334" errors="0" timestamp="2024-01-28T22:56:07 JST" skipped="0">
  <testcase classname="com.bookerapi.runner.RunTest" name="runScenario" time="1.120"/>
  <system-out/>
  <testcase classname="com.bookerapi.runner.RunTest" name="runScenario" time="1.024"/>
  <system-out/>
  <testcase classname="com.bookerapi.runner.RunTest" name="runScenario" time="1.194"/>
  <system-out/>
  <testcase classname="com.bookerapi.runner.RunTest" name="runScenario" time="1.056"/>
  <system-out/>
  <testcase classname="com.bookerapi.runner.RunTest" name="runScenario" time="1.109"/>
  <system-out/>
  <testcase classname="com.bookerapi.runner.RunTest" name="runScenario" time="1.028"/>
  <system-out/>
  <testcase classname="com.bookerapi.runner.RunTest" name="runScenario" time="1.803"/>
  <system-out/>
</testsuite> <!-- com.bookerapi.runner.RunTest -->
