<?xml version="1.0" encoding="UTF-8"?>
<!-- Generated by org.testng.reporters.JUnitReportReporter -->
<testsuite hostname="DESKTOP-OMOC5AD" failures="0" tests="3" name="com.bookerapi.services.BookingNegativeTest" time="3.210" errors="0" timestamp="2024-01-28T22:56:07 JST" skipped="0">
  <testcase classname="com.bookerapi.services.BookingNegativeTest" name="getBookingWithInvalidID" time="1.045"/>
  <system-out/>
  <testcase classname="com.bookerapi.services.BookingNegativeTest" name="updateBookingWithInvalidID" time="1.109"/>
  <system-out/>
  <testcase classname="com.bookerapi.services.BookingNegativeTest" name="updateBookingWithIncorrectBody" time="1.056"/>
  <system-out/>
</testsuite> <!-- com.bookerapi.services.BookingNegativeTest -->
